0 info it worked if it ends with ok
1 verbose cli [ 'node', '/usr/local/bin/npm', 'i', '--save', 'lodash' ]
2 info using npm@1.4.28
3 info using node@v0.10.33
4 warn package.json socket-chalm@0.0.1 No repository field.
5 warn package.json socket-chalm@0.0.1 No README data
6 warn package.json timeout@0.2.1 'repositories' (plural) Not supported. Please pick one as the 'repository' field
7 verbose readDependencies using package.json deps
8 verbose cache add [ 'lodash', null ]
9 verbose cache add name=undefined spec="lodash" args=["lodash",null]
10 verbose parsed url { protocol: null,
10 verbose parsed url   slashes: null,
10 verbose parsed url   auth: null,
10 verbose parsed url   host: null,
10 verbose parsed url   port: null,
10 verbose parsed url   hostname: null,
10 verbose parsed url   hash: null,
10 verbose parsed url   search: null,
10 verbose parsed url   query: null,
10 verbose parsed url   pathname: 'lodash',
10 verbose parsed url   path: 'lodash',
10 verbose parsed url   href: 'lodash' }
11 silly lockFile 901466a5-lodash lodash
12 verbose lock lodash /Users/jaclynfoss/.npm/901466a5-lodash.lock
13 silly lockFile 901466a5-lodash lodash
14 silly lockFile 901466a5-lodash lodash
15 verbose addNamed [ 'lodash', '' ]
16 verbose addNamed [ null, '*' ]
17 silly lockFile f856e425-lodash lodash@
18 verbose lock lodash@ /Users/jaclynfoss/.npm/f856e425-lodash.lock
19 silly addNameRange { name: 'lodash', range: '*', hasData: false }
20 verbose request where is /lodash
21 verbose request registry https://registry.npmjs.org/
22 verbose request id f000b7c96bf0ac28
23 verbose url raw /lodash
24 verbose url resolving [ 'https://registry.npmjs.org/', './lodash' ]
25 verbose url resolved https://registry.npmjs.org/lodash
26 verbose request where is https://registry.npmjs.org/lodash
27 info trying registry request attempt 1 at 19:19:35
28 verbose etag "1LZ0BWPS6UCBD7I6I505CLO4B"
29 http GET https://registry.npmjs.org/lodash
30 http 200 https://registry.npmjs.org/lodash
31 silly registry.get cb [ 200,
31 silly registry.get   { date: 'Mon, 10 Nov 2014 00:19:35 GMT',
31 silly registry.get     server: 'CouchDB/1.5.0 (Erlang OTP/R16B03)',
31 silly registry.get     etag: '"9CIRM1QMYRMX2M8QHMPA6K5M3"',
31 silly registry.get     'content-type': 'application/json',
31 silly registry.get     'cache-control': 'max-age=60',
31 silly registry.get     'content-length': '73928',
31 silly registry.get     'accept-ranges': 'bytes',
31 silly registry.get     via: '1.1 varnish',
31 silly registry.get     age: '35',
31 silly registry.get     'x-served-by': 'cache-atl6231-ATL',
31 silly registry.get     'x-cache': 'HIT',
31 silly registry.get     'x-cache-hits': '1',
31 silly registry.get     'x-timer': 'S1415578775.309237,VS0,VE1',
31 silly registry.get     vary: 'Accept',
31 silly registry.get     'keep-alive': 'timeout=10, max=50',
31 silly registry.get     connection: 'Keep-Alive' } ]
32 silly addNameRange number 2 { name: 'lodash', range: '*', hasData: true }
33 silly addNameRange versions [ 'lodash',
33 silly addNameRange   [ '0.1.0',
33 silly addNameRange     '0.2.0',
33 silly addNameRange     '0.2.1',
33 silly addNameRange     '0.2.2',
33 silly addNameRange     '0.3.0',
33 silly addNameRange     '0.3.1',
33 silly addNameRange     '0.3.2',
33 silly addNameRange     '0.4.0',
33 silly addNameRange     '0.4.1',
33 silly addNameRange     '0.4.2',
33 silly addNameRange     '0.5.0-rc.1',
33 silly addNameRange     '0.5.0',
33 silly addNameRange     '0.5.1',
33 silly addNameRange     '0.5.2',
33 silly addNameRange     '0.6.0',
33 silly addNameRange     '0.6.1',
33 silly addNameRange     '0.7.0',
33 silly addNameRange     '0.8.0',
33 silly addNameRange     '0.8.1',
33 silly addNameRange     '0.8.2',
33 silly addNameRange     '0.9.0',
33 silly addNameRange     '0.9.1',
33 silly addNameRange     '0.9.2',
33 silly addNameRange     '0.10.0',
33 silly addNameRange     '1.0.0-rc.1',
33 silly addNameRange     '1.0.0-rc.2',
33 silly addNameRange     '1.0.0-rc.3',
33 silly addNameRange     '1.0.0',
33 silly addNameRange     '1.0.1',
33 silly addNameRange     '1.1.0',
33 silly addNameRange     '1.1.1',
33 silly addNameRange     '1.2.0',
33 silly addNameRange     '1.2.1',
33 silly addNameRange     '1.3.0',
33 silly addNameRange     '1.3.1',
33 silly addNameRange     '2.0.0',
33 silly addNameRange     '2.1.0',
33 silly addNameRange     '2.2.0',
33 silly addNameRange     '2.2.1',
33 silly addNameRange     '2.3.0',
33 silly addNameRange     '2.4.0',
33 silly addNameRange     '2.4.1' ] ]
34 verbose addNamed [ 'lodash', '2.4.1' ]
35 verbose addNamed [ '2.4.1', '2.4.1' ]
36 silly lockFile 8502be2a-lodash-2-4-1 lodash@2.4.1
37 verbose lock lodash@2.4.1 /Users/jaclynfoss/.npm/8502be2a-lodash-2-4-1.lock
38 silly lockFile 8502be2a-lodash-2-4-1 lodash@2.4.1
39 silly lockFile 8502be2a-lodash-2-4-1 lodash@2.4.1
40 silly lockFile f856e425-lodash lodash@
41 silly lockFile f856e425-lodash lodash@
42 silly resolved [ { name: 'lodash',
42 silly resolved     version: '2.4.1',
42 silly resolved     description: 'A utility library delivering consistency, customization, performance, & extras.',
42 silly resolved     homepage: 'http://lodash.com/',
42 silly resolved     license: 'MIT',
42 silly resolved     main: 'dist/lodash.js',
42 silly resolved     keywords:
42 silly resolved      [ 'amd',
42 silly resolved        'browser',
42 silly resolved        'client',
42 silly resolved        'customize',
42 silly resolved        'functional',
42 silly resolved        'server',
42 silly resolved        'util' ],
42 silly resolved     author:
42 silly resolved      { name: 'John-David Dalton',
42 silly resolved        email: 'john.david.dalton@gmail.com',
42 silly resolved        url: 'http://allyoucanleet.com/' },
42 silly resolved     contributors: [ [Object], [Object], [Object], [Object] ],
42 silly resolved     bugs: { url: 'https://github.com/lodash/lodash/issues' },
42 silly resolved     repository: { type: 'git', url: 'https://github.com/lodash/lodash.git' },
42 silly resolved     engines: [ 'node', 'rhino' ],
42 silly resolved     files:
42 silly resolved      [ 'LICENSE.txt',
42 silly resolved        'lodash.js',
42 silly resolved        'dist/lodash.js',
42 silly resolved        'dist/lodash.min.js',
42 silly resolved        'dist/lodash.compat.js',
42 silly resolved        'dist/lodash.compat.min.js',
42 silly resolved        'dist/lodash.underscore.js',
42 silly resolved        'dist/lodash.underscore.min.js' ],
42 silly resolved     jam: { main: 'dist/lodash.compat.js', include: [Object] },
42 silly resolved     volo: { type: 'directory', ignore: [Object] },
42 silly resolved     readme: '# Lo-Dash v2.4.1\nA utility library delivering consistency, [customization](http://lodash.com/custom-builds), [performance](http://lodash.com/benchmarks), & [extras](http://lodash.com/#features).\n\n## Download\n\nCheck out our [wiki]([https://github.com/lodash/lodash/wiki/build-differences]) for details over the differences between builds.\n\n* Modern builds perfect for newer browsers/environments:<br>\n[Development](https://raw.github.com/lodash/lodash/2.4.1/dist/lodash.js) &\n[Production](https://raw.github.com/lodash/lodash/2.4.1/dist/lodash.min.js)\n\n* Compatibility builds for older environment support too:<br>\n[Development](https://raw.github.com/lodash/lodash/2.4.1/dist/lodash.compat.js) &\n[Production](https://raw.github.com/lodash/lodash/2.4.1/dist/lodash.compat.min.js)\n\n* Underscore builds to use as a drop-in replacement:<br>\n[Development](https://raw.github.com/lodash/lodash/2.4.1/dist/lodash.underscore.js) &\n[Production](https://raw.github.com/lodash/lodash/2.4.1/dist/lodash.underscore.min.js)\n\nCDN copies are available on [cdnjs](http://cdnjs.com/libraries/lodash.js/) & [jsDelivr](http://www.jsdelivr.com/#!lodash). For smaller file sizes, create [custom builds](http://lodash.com/custom-builds) with only the features needed.\n\nLove modules? We’ve got you covered with [lodash-amd](https://npmjs.org/package/lodash-amd), [lodash-es6](https://github.com/lodash/lodash-es6), [lodash-node](https://npmjs.org/package/lodash-node), & [npm packages](https://npmjs.org/browse/keyword/lodash-modularized) per method.\n\n## Dive in\n\nThere’s plenty of **[documentation](http://lodash.com/docs)**, [unit tests](http://lodash.com/tests), & [benchmarks](http://lodash.com/benchmarks).<br>\nCheck out <a href="http://devdocs.io/lodash/">DevDocs</a> as a fast, organized, & searchable interface for our documentation.\n\nThe full changelog for this release is available on our [wiki](https://github.com/lodash/lodash/wiki/Changelog).<br>\nA list of upcoming features is available on our [roadmap](https://github.com/lodash/lodash/wiki/Roadmap).\n\n## Features *not* in Underscore\n\n * AMD loader support ([curl](https://github.com/cujojs/curl), [dojo](http://dojotoolkit.org/), [requirejs](http://requirejs.org/), etc.)\n * [_(…)](http://lodash.com/docs#_) supports intuitive chaining\n * [_.at](http://lodash.com/docs#at) for cherry-picking collection values\n * [_.bindKey](http://lodash.com/docs#bindKey) for binding [*“lazy”*](http://michaux.ca/articles/lazy-function-definition-pattern) defined methods\n * [_.clone](http://lodash.com/docs#clone) supports shallow cloning of `Date` & `RegExp` objects\n * [_.cloneDeep](http://lodash.com/docs#cloneDeep) for deep cloning arrays & objects\n * [_.constant](http://lodash.com/docs#constant) & [_.property](http://lodash.com/docs#property) function generators for composing functions\n * [_.contains](http://lodash.com/docs#contains) accepts a `fromIndex`\n * [_.create](http://lodash.com/docs#create) for easier object inheritance\n * [_.createCallback](http://lodash.com/docs#createCallback) for extending callbacks in methods & mixins\n * [_.curry](http://lodash.com/docs#curry) for creating [curried](http://hughfdjackson.com/javascript/2013/07/06/why-curry-helps/) functions\n * [_.debounce](http://lodash.com/docs#debounce) & [_.throttle](http://lodash.com/docs#throttle) accept additional `options` for more control\n * [_.findIndex](http://lodash.com/docs#findIndex) & [_.findKey](http://lodash.com/docs#findKey) for finding indexes & keys\n * [_.forEach](http://lodash.com/docs#forEach) is chainable & supports exiting early\n * [_.forIn](http://lodash.com/docs#forIn) for iterating own & inherited properties\n * [_.forOwn](http://lodash.com/docs#forOwn) for iterating own properties\n * [_.isPlainObject](http://lodash.com/docs#isPlainObject) for checking if values are created by `Object`\n * [_.mapValues](http://lodash.com/docs#mapValues) for [mapping](http://lodash.com/docs#map) values to an object\n * [_.memoize](http://lodash.com/docs#memoize) exposes the `cache` of memoized functions\n * [_.merge](http://lodash.com/docs#merge) for a deep [_.extend](http://lodash.com/docs#extend)\n * [_.noop](http://lodash.com/docs#noop) for function placeholders\n * [_.now](http://lodash.com/docs#now) as a cross-browser `Date.now` alternative\n * [_.parseInt](http://lodash.com/docs#parseInt) for consistent behavior\n * [_.pull](http://lodash.com/docs#pull) & [_.remove](http://lodash.com/docs#remove) for mutating arrays\n * [_.random](http://lodash.com/docs#random) supports returning floating-point numbers\n * [_.runInContext](http://lodash.com/docs#runInContext) for easier mocking\n * [_.sortBy](http://lodash.com/docs#sortBy) supports sorting by multiple properties\n * [_.support](http://lodash.com/docs#support) for flagging environment features\n * [_.template](http://lodash.com/docs#template) supports [*“imports”*](http://lodash.com/docs#templateSettings_imports) options & [ES6 template delimiters](http://people.mozilla.org/~jorendorff/es6-draft.html#sec-literals-string-literals)\n * [_.transform](http://lodash.com/docs#transform) as a powerful alternative to [_.reduce](http://lodash.com/docs#reduce) for transforming objects\n * [_.where](http://lodash.com/docs#where) supports deep object comparisons\n * [_.xor](http://lodash.com/docs#xor) as a companion to [_.difference](http://lodash.com/docs#difference), [_.intersection](http://lodash.com/docs#intersection), & [_.union](http://lodash.com/docs#union)\n * [_.zip](http://lodash.com/docs#zip) is capable of unzipping values\n * [_.omit](http://lodash.com/docs#omit), [_.pick](http://lodash.com/docs#pick), &\n   [more](http://lodash.com/docs "_.assign, _.clone, _.cloneDeep, _.first, _.initial, _.isEqual, _.last, _.merge, _.rest") accept callbacks\n * [_.contains](http://lodash.com/docs#contains), [_.toArray](http://lodash.com/docs#toArray), &\n   [more](http://lodash.com/docs "_.at, _.countBy, _.every, _.filter, _.find, _.forEach, _.forEachRight, _.groupBy, _.invoke, _.map, _.max, _.min, _.pluck, _.reduce, _.reduceRight, _.reject, _.shuffle, _.size, _.some, _.sortBy, _.where") accept strings\n * [_.filter](http://lodash.com/docs#filter), [_.map](http://lodash.com/docs#map), &\n   [more](http://lodash.com/docs "_.countBy, _.every, _.find, _.findKey, _.findLast, _.findLastIndex, _.findLastKey, _.first, _.groupBy, _.initial, _.last, _.max, _.min, _.reject, _.rest, _.some, _.sortBy, _.sortedIndex, _.uniq") support *“_.pluck”* & *“_.where”* shorthands\n * [_.findLast](http://lodash.com/docs#findLast), [_.findLastIndex](http://lodash.com/docs#findLastIndex), &\n   [more](http://lodash.com/docs "_.findLastKey, _.forEachRight, _.forInRight, _.forOwnRight, _.partialRight") right-associative methods\n\n## Resources\n\n * Podcasts\n  - [JavaScript Jabber](http://javascriptjabber.com/079-jsj-lo-dash-with-john-david-dalton/)\n\n * Posts\n  - [Say “Hello” to Lo-Dash](http://kitcambridge.be/blog/say-hello-to-lo-dash/)\n  - [Custom builds in Lo-Dash 2.0](http://kitcambridge.be/blog/custom-builds-in-lo-dash-2-dot-0/)\n\n * Videos\n  - [Introduction](https://vimeo.com/44154599)\n  - [Origins](https://vimeo.com/44154600)\n  - [Optimizations & builds](https://vimeo.com/44154601)\n  - [Native method use](https://vimeo.com/48576012)\n  - [Testing](https://vimeo.com/45865290)\n  - [CascadiaJS ’12](http://www.youtube.com/watch?v=dpPy4f_SeEk)\n\n A list of other community created podcasts, posts, & videos is available on our [wiki](https://github.com/lodash/lodash/wiki/Resources).\n\n## Support\n\nTested in Chrome 5~31, Firefox 2~25, IE 6-11, Opera 9.25~17, Safari 3-7, Node.js 0.6.21~0.10.22, Narwhal 0.3.2, PhantomJS 1.9.2, RingoJS 0.9, & Rhino 1.7RC5.<br>\nAutomated browser test results [are available](https://saucelabs.com/u/lodash) as well as [Travis CI](https://travis-ci.org/) builds for [lodash](https://travis-ci.org/lodash/lodash/), [lodash-cli](https://travis-ci.org/lodash/lodash-cli/), [lodash-amd](https://travis-ci.org/lodash/lodash-amd/), [lodash-node](https://travis-ci.org/lodash/lodash-node/), & [grunt-lodash](https://travis-ci.org/lodash/grunt-lodash).\n\nSpecial thanks to [Sauce Labs](https://saucelabs.com/) for providing automated browser testing.<br>\n[![Sauce Labs](http://lodash.com/_img/sauce.png)](https://saucelabs.com/ "Sauce Labs: Selenium Testing & More")\n\n## Installation & usage\n\nIn browsers:\n\n```html\n<script src="lodash.js"></script>\n```\n\nUsing [`npm`](http://npmjs.org/):\n\n```bash\nnpm i --save lodash\n\n{sudo} npm i -g lodash\nnpm ln lodash\n```\n\nIn [Node.js](http://nodejs.org/) & [Ringo](http://ringojs.org/):\n\n```js\nvar _ = require(\'lodash\');\n// or as Underscore\nvar _ = require(\'lodash/dist/lodash.underscore\');\n```\n\n**Notes:**\n * Don’t assign values to [special variable](http://nodejs.org/api/repl.html#repl_repl_features) `_` when in the REPL\n * If Lo-Dash is installed globally, run [`npm ln lodash`](http://blog.nodejs.org/2011/03/23/npm-1-0-global-vs-local-installation/) in your project’s root directory *before* requiring it\n\nIn [Rhino](http://www.mozilla.org/rhino/):\n\n```js\nload(\'lodash.js\');\n```\n\nIn an AMD loader:\n\n```js\nrequire({\n  \'packages\': [\n    { \'name\': \'lodash\', \'location\': \'path/to/lodash\', \'main\': \'lodash\' }\n  ]\n},\n[\'lodash\'], function(_) {\n  console.log(_.VERSION);\n});\n```\n\n## Author\n\n| [![twitter/jdalton](http://gravatar.com/avatar/299a3d891ff1920b69c364d061007043?s=70)](https://twitter.com/jdalton "Follow @jdalton on Twitter") |\n|---|\n| [John-David Dalton](http://allyoucanleet.com/) |\n\n## Contributors\n\n| [![twitter/blainebublitz](http://gravatar.com/avatar/ac1c67fd906c9fecd823ce302283b4c1?s=70)](https://twitter.com/blainebublitz "Follow @BlaineBublitz on Twitter") | [![twitter/kitcambridge](http://gravatar.com/avatar/6662a1d02f351b5ef2f8b4d815804661?s=70)](https://twitter.com/kitcambridge "Follow @kitcambridge on Twitter") | [![twitter/mathias](http://gravatar.com/avatar/24e08a9ea84deb17ae121074d0f17125?s=70)](https://twitter.com/mathias "Follow @mathias on Twitter") |\n|---|---|---|\n| [Blaine Bublitz](http://www.iceddev.com/) | [Kit Cambridge](http://kitcambridge.be/) | [Mathias Bynens](http://mathiasbynens.be/) |\n\n[![Bitdeli Badge](https://d2weczhvl823v0.cloudfront.net/lodash/lodash/trend.png)](https://bitdeli.com/free "Bitdeli Badge")\n',
42 silly resolved     readmeFilename: 'README.md',
42 silly resolved     _id: 'lodash@2.4.1',
42 silly resolved     _shasum: '5b7723034dda4d262e5a46fb2c58d7cc22f71420',
42 silly resolved     _from: 'lodash@',
42 silly resolved     _resolved: 'https://registry.npmjs.org/lodash/-/lodash-2.4.1.tgz' } ]
43 info install lodash@2.4.1 into /Users/jaclynfoss/Desktop/socket-chalm
44 info installOne lodash@2.4.1
45 verbose node_modules/lodash unbuild
46 verbose tar unpack /Users/jaclynfoss/.npm/lodash/2.4.1/package.tgz
47 silly lockFile 49d3cd3b-socket-chalm-node-modules-lodash tar:///Users/jaclynfoss/Desktop/socket-chalm/node_modules/lodash
48 verbose lock tar:///Users/jaclynfoss/Desktop/socket-chalm/node_modules/lodash /Users/jaclynfoss/.npm/49d3cd3b-socket-chalm-node-modules-lodash.lock
49 silly lockFile eecd0ea0-oss-npm-lodash-2-4-1-package-tgz tar:///Users/jaclynfoss/.npm/lodash/2.4.1/package.tgz
50 verbose lock tar:///Users/jaclynfoss/.npm/lodash/2.4.1/package.tgz /Users/jaclynfoss/.npm/eecd0ea0-oss-npm-lodash-2-4-1-package-tgz.lock
51 silly gunzTarPerm modes [ '755', '644' ]
52 silly gunzTarPerm extractEntry package.json
53 silly gunzTarPerm extractEntry README.md
54 silly gunzTarPerm extractEntry lodash.js
55 silly gunzTarPerm extractEntry LICENSE.txt
56 silly gunzTarPerm extractEntry dist/lodash.compat.js
57 silly gunzTarPerm extractEntry dist/lodash.compat.min.js
58 silly gunzTarPerm extractEntry dist/lodash.js
59 silly gunzTarPerm extractEntry dist/lodash.min.js
60 silly gunzTarPerm extractEntry dist/lodash.underscore.js
61 silly gunzTarPerm extractEntry dist/lodash.underscore.min.js
62 silly lockFile 49d3cd3b-socket-chalm-node-modules-lodash tar:///Users/jaclynfoss/Desktop/socket-chalm/node_modules/lodash
63 silly lockFile 49d3cd3b-socket-chalm-node-modules-lodash tar:///Users/jaclynfoss/Desktop/socket-chalm/node_modules/lodash
64 silly lockFile eecd0ea0-oss-npm-lodash-2-4-1-package-tgz tar:///Users/jaclynfoss/.npm/lodash/2.4.1/package.tgz
65 silly lockFile eecd0ea0-oss-npm-lodash-2-4-1-package-tgz tar:///Users/jaclynfoss/.npm/lodash/2.4.1/package.tgz
66 info preinstall lodash@2.4.1
67 verbose readDependencies using package.json deps
68 verbose readDependencies using package.json deps
69 silly resolved []
70 verbose about to build /Users/jaclynfoss/Desktop/socket-chalm/node_modules/lodash
71 info build /Users/jaclynfoss/Desktop/socket-chalm/node_modules/lodash
72 verbose linkStuff [ false,
72 verbose linkStuff   false,
72 verbose linkStuff   false,
72 verbose linkStuff   '/Users/jaclynfoss/Desktop/socket-chalm/node_modules' ]
73 info linkStuff lodash@2.4.1
74 verbose linkBins lodash@2.4.1
75 verbose linkMans lodash@2.4.1
76 verbose rebuildBundles lodash@2.4.1
77 info install lodash@2.4.1
78 info postinstall lodash@2.4.1
79 verbose saving { lodash: '^2.4.1' }
80 error Error: EACCES, open '/Users/jaclynfoss/Desktop/socket-chalm/package.json'
80 error  { [Error: EACCES, open '/Users/jaclynfoss/Desktop/socket-chalm/package.json']
80 error   errno: 3,
80 error   code: 'EACCES',
80 error   path: '/Users/jaclynfoss/Desktop/socket-chalm/package.json' }
81 error Please try running this command again as root/Administrator.
82 error System Darwin 13.4.0
83 error command "node" "/usr/local/bin/npm" "i" "--save" "lodash"
84 error cwd /Users/jaclynfoss/Desktop/socket-chalm
85 error node -v v0.10.33
86 error npm -v 1.4.28
87 error path /Users/jaclynfoss/Desktop/socket-chalm/package.json
88 error code EACCES
89 error errno 3
90 error stack Error: EACCES, open '/Users/jaclynfoss/Desktop/socket-chalm/package.json'
91 verbose exit [ 3, true ]
